# JRE version: OpenJDK Runtime Environment Temurin-17.0.12+7 (17.0.12+7) (build 17.0.12+7)
# Java VM: OpenJDK 64-Bit Server VM Temurin-17.0.12+7 (17.0.12+7, mixed mode, tiered, compressed oops, compressed class ptrs, parallel gc, windows-amd64)
GC Precious Log:
 CPUs: 20 total, 20 available
 Memory: 16108M
 Large Page Support: Disabled
 NUMA Support: Disabled
 Compressed Oops: Enabled (32-bit)
 Alignments: Space 512K, Generation 512K, Heap 2M
 Heap Min Capacity: 100M
 Heap Initial Capacity: 100M
 Heap Max Capacity: 1G
 Pre-touch: Disabled
 Parallel Workers: 15
Heap:
 PSYoungGen      total 3584K, used 2378K [0x00000000eab00000, 0x00000000eaf80000, 0x0000000100000000)
  eden space 2560K, 60% used [0x00000000eab00000,0x00000000eac82af0,0x00000000ead80000)
  from space 1024K, 81% used [0x00000000eae80000,0x00000000eaf50000,0x00000000eaf80000)
  to   space 1024K, 0% used [0x00000000ead80000,0x00000000ead80000,0x00000000eae80000)
 ParOldGen       total 112128K, used 103510K [0x00000000c0000000, 0x00000000c6d80000, 0x00000000eab00000)
  object space 112128K, 92% used [0x00000000c0000000,0x00000000c6515ab8,0x00000000c6d80000)
 Metaspace       used 90028K, committed 91456K, reserved 1179648K
  class space    used 9748K, committed 10368K, reserved 1048576K
GC Heap History (20 events):
Event: 54.796 GC heap before
{Heap before GC invocations=221 (full 7):
 PSYoungGen      total 3072K, used 3040K [0x00000000eab00000, 0x00000000eaf00000, 0x0000000100000000)
  eden space 2560K, 100% used [0x00000000eab00000,0x00000000ead80000,0x00000000ead80000)
  from space 512K, 93% used [0x00000000eae00000,0x00000000eae78000,0x00000000eae80000)
  to   space 512K, 0% used [0x00000000eae80000,0x00000000eae80000,0x00000000eaf00000)
 ParOldGen       total 112128K, used 101720K [0x00000000c0000000, 0x00000000c6d80000, 0x00000000eab00000)
  object space 112128K, 90% used [0x00000000c0000000,0x00000000c6356300,0x00000000c6d80000)
 Metaspace       used 89462K, committed 90880K, reserved 1179648K
  class space    used 9696K, committed 10304K, reserved 1048576K
}
Event: 54.797 GC heap after
{Heap after GC invocations=221 (full 7):
 PSYoungGen      total 3072K, used 384K [0x00000000eab00000, 0x00000000eaf00000, 0x0000000100000000)
  eden space 2560K, 0% used [0x00000000eab00000,0x00000000eab00000,0x00000000ead80000)
  from space 512K, 75% used [0x00000000eae80000,0x00000000eaee0000,0x00000000eaf00000)
  to   space 512K, 0% used [0x00000000eae00000,0x00000000eae00000,0x00000000eae80000)
 ParOldGen       total 112128K, used 101888K [0x00000000c0000000, 0x00000000c6d80000, 0x00000000eab00000)
  object space 112128K, 90% used [0x00000000c0000000,0x00000000c6380300,0x00000000c6d80000)
 Metaspace       used 89462K, committed 90880K, reserved 1179648K
  class space    used 9696K, committed 10304K, reserved 1048576K
}
Event: 54.809 GC heap before
{Heap before GC invocations=222 (full 7):
 PSYoungGen      total 3072K, used 2944K [0x00000000eab00000, 0x00000000eaf00000, 0x0000000100000000)
  eden space 2560K, 100% used [0x00000000eab00000,0x00000000ead80000,0x00000000ead80000)
  from space 512K, 75% used [0x00000000eae80000,0x00000000eaee0000,0x00000000eaf00000)
  to   space 512K, 0% used [0x00000000eae00000,0x00000000eae00000,0x00000000eae80000)
 ParOldGen       total 112128K, used 101888K [0x00000000c0000000, 0x00000000c6d80000, 0x00000000eab00000)
  object space 112128K, 90% used [0x00000000c0000000,0x00000000c6380300,0x00000000c6d80000)
 Metaspace       used 89477K, committed 90880K, reserved 1179648K
  class space    used 9696K, committed 10304K, reserved 1048576K
}
Event: 54.810 GC heap after
{Heap after GC invocations=222 (full 7):
 PSYoungGen      total 3072K, used 512K [0x00000000eab00000, 0x00000000eaf80000, 0x0000000100000000)
  eden space 2560K, 0% used [0x00000000eab00000,0x00000000eab00000,0x00000000ead80000)
  from space 512K, 100% used [0x00000000eae00000,0x00000000eae80000,0x00000000eae80000)
  to   space 1024K, 0% used [0x00000000eae80000,0x00000000eae80000,0x00000000eaf80000)
 ParOldGen       total 112128K, used 102056K [0x00000000c0000000, 0x00000000c6d80000, 0x00000000eab00000)
  object space 112128K, 91% used [0x00000000c0000000,0x00000000c63aa300,0x00000000c6d80000)
 Metaspace       used 89477K, committed 90880K, reserved 1179648K
  class space    used 9696K, committed 10304K, reserved 1048576K
}
Event: 54.824 GC heap before
{Heap before GC invocations=223 (full 7):
 PSYoungGen      total 3072K, used 3072K [0x00000000eab00000, 0x00000000eaf80000, 0x0000000100000000)
  eden space 2560K, 100% used [0x00000000eab00000,0x00000000ead80000,0x00000000ead80000)
  from space 512K, 100% used [0x00000000eae00000,0x00000000eae80000,0x00000000eae80000)
  to   space 1024K, 0% used [0x00000000eae80000,0x00000000eae80000,0x00000000eaf80000)
 ParOldGen       total 112128K, used 102056K [0x00000000c0000000, 0x00000000c6d80000, 0x00000000eab00000)
  object space 112128K, 91% used [0x00000000c0000000,0x00000000c63aa300,0x00000000c6d80000)
 Metaspace       used 89486K, committed 90880K, reserved 1179648K
  class space    used 9696K, committed 10304K, reserved 1048576K
}
Event: 54.824 GC heap after
{Heap after GC invocations=223 (full 7):
 PSYoungGen      total 3072K, used 352K [0x00000000eab00000, 0x00000000eaf00000, 0x0000000100000000)
  eden space 2560K, 0% used [0x00000000eab00000,0x00000000eab00000,0x00000000ead80000)
  from space 512K, 68% used [0x00000000eae80000,0x00000000eaed8000,0x00000000eaf00000)
  to   space 512K, 0% used [0x00000000eae00000,0x00000000eae00000,0x00000000eae80000)
 ParOldGen       total 112128K, used 102360K [0x00000000c0000000, 0x00000000c6d80000, 0x00000000eab00000)
  object space 112128K, 91% used [0x00000000c0000000,0x00000000c63f6320,0x00000000c6d80000)
 Metaspace       used 89486K, committed 90880K, reserved 1179648K
  class space    used 9696K, committed 10304K, reserved 1048576K
}
Event: 54.831 GC heap before
{Heap before GC invocations=224 (full 7):
 PSYoungGen      total 3072K, used 2912K [0x00000000eab00000, 0x00000000eaf00000, 0x0000000100000000)
  eden space 2560K, 100% used [0x00000000eab00000,0x00000000ead80000,0x00000000ead80000)
  from space 512K, 68% used [0x00000000eae80000,0x00000000eaed8000,0x00000000eaf00000)
  to   space 512K, 0% used [0x00000000eae00000,0x00000000eae00000,0x00000000eae80000)
 ParOldGen       total 112128K, used 102360K [0x00000000c0000000, 0x00000000c6d80000, 0x00000000eab00000)
  object space 112128K, 91% used [0x00000000c0000000,0x00000000c63f6320,0x00000000c6d80000)
 Metaspace       used 89489K, committed 90880K, reserved 1179648K
  class space    used 9696K, committed 10304K, reserved 1048576K
}
Event: 54.832 GC heap after
{Heap after GC invocations=224 (full 7):
 PSYoungGen      total 3072K, used 464K [0x00000000eab00000, 0x00000000eaf00000, 0x0000000100000000)
  eden space 2560K, 0% used [0x00000000eab00000,0x00000000eab00000,0x00000000ead80000)
  from space 512K, 90% used [0x00000000eae00000,0x00000000eae74010,0x00000000eae80000)
  to   space 512K, 0% used [0x00000000eae80000,0x00000000eae80000,0x00000000eaf00000)
 ParOldGen       total 112128K, used 102480K [0x00000000c0000000, 0x00000000c6d80000, 0x00000000eab00000)
  object space 112128K, 91% used [0x00000000c0000000,0x00000000c6414320,0x00000000c6d80000)
 Metaspace       used 89489K, committed 90880K, reserved 1179648K
  class space    used 9696K, committed 10304K, reserved 1048576K
}
Event: 54.838 GC heap before
{Heap before GC invocations=225 (full 7):
 PSYoungGen      total 3072K, used 3024K [0x00000000eab00000, 0x00000000eaf00000, 0x0000000100000000)
  eden space 2560K, 100% used [0x00000000eab00000,0x00000000ead80000,0x00000000ead80000)
  from space 512K, 90% used [0x00000000eae00000,0x00000000eae74010,0x00000000eae80000)
  to   space 512K, 0% used [0x00000000eae80000,0x00000000eae80000,0x00000000eaf00000)
 ParOldGen       total 112128K, used 102480K [0x00000000c0000000, 0x00000000c6d80000, 0x00000000eab00000)
  object space 112128K, 91% used [0x00000000c0000000,0x00000000c6414320,0x00000000c6d80000)
 Metaspace       used 89504K, committed 90944K, reserved 1179648K
  class space    used 9696K, committed 10304K, reserved 1048576K
}
Event: 54.839 GC heap after
{Heap after GC invocations=225 (full 7):
 PSYoungGen      total 3072K, used 512K [0x00000000eab00000, 0x00000000eaf80000, 0x0000000100000000)
  eden space 2560K, 0% used [0x00000000eab00000,0x00000000eab00000,0x00000000ead80000)
  from space 512K, 100% used [0x00000000eae80000,0x00000000eaf00000,0x00000000eaf00000)
  to   space 1024K, 0% used [0x00000000ead80000,0x00000000ead80000,0x00000000eae80000)
 ParOldGen       total 112128K, used 102608K [0x00000000c0000000, 0x00000000c6d80000, 0x00000000eab00000)
  object space 112128K, 91% used [0x00000000c0000000,0x00000000c6434330,0x00000000c6d80000)
 Metaspace       used 89504K, committed 90944K, reserved 1179648K
  class space    used 9696K, committed 10304K, reserved 1048576K
}
Event: 54.845 GC heap before
{Heap before GC invocations=226 (full 7):
 PSYoungGen      total 3072K, used 3072K [0x00000000eab00000, 0x00000000eaf80000, 0x0000000100000000)
  eden space 2560K, 100% used [0x00000000eab00000,0x00000000ead80000,0x00000000ead80000)
  from space 512K, 100% used [0x00000000eae80000,0x00000000eaf00000,0x00000000eaf00000)
  to   space 1024K, 0% used [0x00000000ead80000,0x00000000ead80000,0x00000000eae80000)
 ParOldGen       total 112128K, used 102608K [0x00000000c0000000, 0x00000000c6d80000, 0x00000000eab00000)
  object space 112128K, 91% used [0x00000000c0000000,0x00000000c6434330,0x00000000c6d80000)
 Metaspace       used 89504K, committed 90944K, reserved 1179648K
  class space    used 9696K, committed 10304K, reserved 1048576K
}
Event: 54.846 GC heap after
{Heap after GC invocations=226 (full 7):
 PSYoungGen      total 3584K, used 512K [0x00000000eab00000, 0x00000000eaf80000, 0x0000000100000000)
  eden space 2560K, 0% used [0x00000000eab00000,0x00000000eab00000,0x00000000ead80000)
  from space 1024K, 50% used [0x00000000ead80000,0x00000000eae00000,0x00000000eae80000)
  to   space 1024K, 0% used [0x00000000eae80000,0x00000000eae80000,0x00000000eaf80000)
 ParOldGen       total 112128K, used 102720K [0x00000000c0000000, 0x00000000c6d80000, 0x00000000eab00000)
  object space 112128K, 91% used [0x00000000c0000000,0x00000000c6450330,0x00000000c6d80000)
 Metaspace       used 89504K, committed 90944K, reserved 1179648K
  class space    used 9696K, committed 10304K, reserved 1048576K
}
Event: 54.853 GC heap before
{Heap before GC invocations=227 (full 7):
 PSYoungGen      total 3584K, used 3072K [0x00000000eab00000, 0x00000000eaf80000, 0x0000000100000000)
  eden space 2560K, 100% used [0x00000000eab00000,0x00000000ead80000,0x00000000ead80000)
  from space 1024K, 50% used [0x00000000ead80000,0x00000000eae00000,0x00000000eae80000)
  to   space 1024K, 0% used [0x00000000eae80000,0x00000000eae80000,0x00000000eaf80000)
 ParOldGen       total 112128K, used 102720K [0x00000000c0000000, 0x00000000c6d80000, 0x00000000eab00000)
  object space 112128K, 91% used [0x00000000c0000000,0x00000000c6450330,0x00000000c6d80000)
 Metaspace       used 89505K, committed 90944K, reserved 1179648K
  class space    used 9696K, committed 10304K, reserved 1048576K
}
Event: 54.854 GC heap after
{Heap after GC invocations=227 (full 7):
 PSYoungGen      total 3072K, used 480K [0x00000000eab00000, 0x00000000eaf00000, 0x0000000100000000)
  eden space 2560K, 0% used [0x00000000eab00000,0x00000000eab00000,0x00000000ead80000)
  from space 512K, 93% used [0x00000000eae80000,0x00000000eaef8000,0x00000000eaf00000)
  to   space 512K, 0% used [0x00000000eae00000,0x00000000eae00000,0x00000000eae80000)
 ParOldGen       total 112128K, used 102832K [0x00000000c0000000, 0x00000000c6d80000, 0x00000000eab00000)
  object space 112128K, 91% used [0x00000000c0000000,0x00000000c646c330,0x00000000c6d80000)
 Metaspace       used 89505K, committed 90944K, reserved 1179648K
  class space    used 9696K, committed 10304K, reserved 1048576K
}
Event: 54.884 GC heap before
{Heap before GC invocations=228 (full 7):
 PSYoungGen      total 3072K, used 3040K [0x00000000eab00000, 0x00000000eaf00000, 0x0000000100000000)
  eden space 2560K, 100% used [0x00000000eab00000,0x00000000ead80000,0x00000000ead80000)
  from space 512K, 93% used [0x00000000eae80000,0x00000000eaef8000,0x00000000eaf00000)
  to   space 512K, 0% used [0x00000000eae00000,0x00000000eae00000,0x00000000eae80000)
 ParOldGen       total 112128K, used 102832K [0x00000000c0000000, 0x00000000c6d80000, 0x00000000eab00000)
  object space 112128K, 91% used [0x00000000c0000000,0x00000000c646c330,0x00000000c6d80000)
 Metaspace       used 89554K, committed 91008K, reserved 1179648K
  class space    used 9697K, committed 10304K, reserved 1048576K
}
Event: 54.885 GC heap after
{Heap after GC invocations=228 (full 7):
 PSYoungGen      total 3072K, used 480K [0x00000000eab00000, 0x00000000eaf00000, 0x0000000100000000)
  eden space 2560K, 0% used [0x00000000eab00000,0x00000000eab00000,0x00000000ead80000)
  from space 512K, 93% used [0x00000000eae00000,0x00000000eae78000,0x00000000eae80000)
  to   space 512K, 0% used [0x00000000eae80000,0x00000000eae80000,0x00000000eaf00000)
 ParOldGen       total 112128K, used 102944K [0x00000000c0000000, 0x00000000c6d80000, 0x00000000eab00000)
  object space 112128K, 91% used [0x00000000c0000000,0x00000000c6488330,0x00000000c6d80000)
 Metaspace       used 89554K, committed 91008K, reserved 1179648K
  class space    used 9697K, committed 10304K, reserved 1048576K
}
Event: 54.903 GC heap before
{Heap before GC invocations=229 (full 7):
 PSYoungGen      total 3072K, used 3040K [0x00000000eab00000, 0x00000000eaf00000, 0x0000000100000000)
  eden space 2560K, 100% used [0x00000000eab00000,0x00000000ead80000,0x00000000ead80000)
  from space 512K, 93% used [0x00000000eae00000,0x00000000eae78000,0x00000000eae80000)
  to   space 512K, 0% used [0x00000000eae80000,0x00000000eae80000,0x00000000eaf00000)
 ParOldGen       total 112128K, used 102944K [0x00000000c0000000, 0x00000000c6d80000, 0x00000000eab00000)
  object space 112128K, 91% used [0x00000000c0000000,0x00000000c6488330,0x00000000c6d80000)
 Metaspace       used 89560K, committed 91008K, reserved 1179648K
  class space    used 9697K, committed 10304K, reserved 1048576K
}
Event: 54.903 GC heap after
{Heap after GC invocations=229 (full 7):
 PSYoungGen      total 3072K, used 512K [0x00000000eab00000, 0x00000000eaf80000, 0x0000000100000000)
  eden space 2560K, 0% used [0x00000000eab00000,0x00000000eab00000,0x00000000ead80000)
  from space 512K, 100% used [0x00000000eae80000,0x00000000eaf00000,0x00000000eaf00000)
  to   space 1024K, 0% used [0x00000000ead80000,0x00000000ead80000,0x00000000eae80000)
 ParOldGen       total 112128K, used 103144K [0x00000000c0000000, 0x00000000c6d80000, 0x00000000eab00000)
  object space 112128K, 91% used [0x00000000c0000000,0x00000000c64ba1c8,0x00000000c6d80000)
 Metaspace       used 89560K, committed 91008K, reserved 1179648K
  class space    used 9697K, committed 10304K, reserved 1048576K
}
Event: 55.590 GC heap before
{Heap before GC invocations=230 (full 7):
 PSYoungGen      total 3072K, used 3072K [0x00000000eab00000, 0x00000000eaf80000, 0x0000000100000000)
  eden space 2560K, 100% used [0x00000000eab00000,0x00000000ead80000,0x00000000ead80000)
  from space 512K, 100% used [0x00000000eae80000,0x00000000eaf00000,0x00000000eaf00000)
  to   space 1024K, 0% used [0x00000000ead80000,0x00000000ead80000,0x00000000eae80000)
 ParOldGen       total 112128K, used 103144K [0x00000000c0000000, 0x00000000c6d80000, 0x00000000eab00000)
  object space 112128K, 91% used [0x00000000c0000000,0x00000000c64ba1c8,0x00000000c6d80000)
 Metaspace       used 89759K, committed 91200K, reserved 1179648K
  class space    used 9705K, committed 10304K, reserved 1048576K
}
Event: 55.591 GC heap after
{Heap after GC invocations=230 (full 7):
 PSYoungGen      total 3584K, used 573K [0x00000000eab00000, 0x00000000eaf80000, 0x0000000100000000)
  eden space 2560K, 0% used [0x00000000eab00000,0x00000000eab00000,0x00000000ead80000)
  from space 1024K, 55% used [0x00000000ead80000,0x00000000eae0f5a0,0x00000000eae80000)
  to   space 1024K, 0% used [0x00000000eae80000,0x00000000eae80000,0x00000000eaf80000)
 ParOldGen       total 112128K, used 103346K [0x00000000c0000000, 0x00000000c6d80000, 0x00000000eab00000)
  object space 112128K, 92% used [0x00000000c0000000,0x00000000c64ec800,0x00000000c6d80000)
 Metaspace       used 89759K, committed 91200K, reserved 1179648K
  class space    used 9705K, committed 10304K, reserved 1048576K
}

